DEB [20200720-23:04:33.080] thr=1   paramiko.transport: starting thread (client mode): 0xa3258850L
DEB [20200720-23:04:33.080] thr=1   paramiko.transport: Local version/idstring: SSH-2.0-paramiko_2.7.1
DEB [20200720-23:04:33.091] thr=1   paramiko.transport: Remote version/idstring: SSH-2.0-OpenSSH_7.6p1 Ubuntu-4ubuntu0.3
INF [20200720-23:04:33.092] thr=1   paramiko.transport: Connected (version 2.0, client OpenSSH_7.6p1)
DEB [20200720-23:04:33.094] thr=1   paramiko.transport: kex algos:[u'curve25519-sha256', u'curve25519-sha256@libssh.org', u'ecdh-sha2-nistp256', u'ecdh-sha2-nistp384', u'ecdh-sha2-nistp521', u'diffie-hellman-group-exchange-sha256', u'diffie-hellman-group16-sha512', u'diffie-hellman-group18-sha512', u'diffie-hellman-group14-sha256', u'diffie-hellman-group14-sha1'] server key:[u'ssh-rsa', u'rsa-sha2-512', u'rsa-sha2-256', u'ecdsa-sha2-nistp256', u'ssh-ed25519'] client encrypt:[u'chacha20-poly1305@openssh.com', u'aes128-ctr', u'aes192-ctr', u'aes256-ctr', u'aes128-gcm@openssh.com', u'aes256-gcm@openssh.com'] server encrypt:[u'chacha20-poly1305@openssh.com', u'aes128-ctr', u'aes192-ctr', u'aes256-ctr', u'aes128-gcm@openssh.com', u'aes256-gcm@openssh.com'] client mac:[u'umac-64-etm@openssh.com', u'umac-128-etm@openssh.com', u'hmac-sha2-256-etm@openssh.com', u'hmac-sha2-512-etm@openssh.com', u'hmac-sha1-etm@openssh.com', u'umac-64@openssh.com', u'umac-128@openssh.com', u'hmac-sha2-256', u'hmac-sha2-512', u'hmac-sha1'] server mac:[u'umac-64-etm@openssh.com', u'umac-128-etm@openssh.com', u'hmac-sha2-256-etm@openssh.com', u'hmac-sha2-512-etm@openssh.com', u'hmac-sha1-etm@openssh.com', u'umac-64@openssh.com', u'umac-128@openssh.com', u'hmac-sha2-256', u'hmac-sha2-512', u'hmac-sha1'] client compress:[u'none', u'zlib@openssh.com'] server compress:[u'none', u'zlib@openssh.com'] client lang:[u''] server lang:[u''] kex follows?False
DEB [20200720-23:04:33.095] thr=1   paramiko.transport: Kex agreed: curve25519-sha256@libssh.org
DEB [20200720-23:04:33.095] thr=1   paramiko.transport: HostKey agreed: ssh-ed25519
DEB [20200720-23:04:33.095] thr=1   paramiko.transport: Cipher agreed: aes128-ctr
DEB [20200720-23:04:33.095] thr=1   paramiko.transport: MAC agreed: hmac-sha2-256
DEB [20200720-23:04:33.096] thr=1   paramiko.transport: Compression agreed: none
DEB [20200720-23:04:33.109] thr=1   paramiko.transport: kex engine KexCurve25519 specified hash_algo <built-in function openssl_sha256>
DEB [20200720-23:04:33.110] thr=1   paramiko.transport: Switch to new keys ...
DEB [20200720-23:04:33.112] thr=2   paramiko.transport: Adding ssh-ed25519 host key for 192.168.197.129: a89d8e47956a182ac25df5b046891a6e
DEB [20200720-23:04:33.125] thr=2   paramiko.transport: Trying SSH agent key 444cbfdb1f92a79f9a272997711cf4c4
DEB [20200720-23:04:33.127] thr=1   paramiko.transport: userauth is OK
INF [20200720-23:04:33.155] thr=1   paramiko.transport: Authentication (publickey) failed.
DEB [20200720-23:04:33.160] thr=2   paramiko.transport: Trying discovered key 444cbfdb1f92a79f9a272997711cf4c4 in /home/ding/.ssh/id_rsa
DEB [20200720-23:04:33.162] thr=1   paramiko.transport: userauth is OK
INF [20200720-23:04:33.170] thr=1   paramiko.transport: Authentication (publickey) failed.
DEB [20200720-23:04:33.178] thr=1   paramiko.transport: userauth is OK
INF [20200720-23:04:33.183] thr=1   paramiko.transport: Authentication (password) successful!
DEB [20200720-23:04:33.185] thr=2   paramiko.transport: [chan 0] Max packet in: 32768 bytes
DEB [20200720-23:04:33.666] thr=1   paramiko.transport: Received global request "hostkeys-00@openssh.com"
DEB [20200720-23:04:33.667] thr=1   paramiko.transport: Rejecting "hostkeys-00@openssh.com" global request from server.
DEB [20200720-23:04:33.707] thr=1   paramiko.transport: [chan 0] Max packet out: 32768 bytes
DEB [20200720-23:04:33.707] thr=1   paramiko.transport: Secsh channel 0 opened.
DEB [20200720-23:04:33.722] thr=1   paramiko.transport: [chan 0] Sesch channel 0 request ok
DEB [20200720-23:04:33.731] thr=1   paramiko.transport: [chan 0] EOF received (0)
DEB [20200720-23:04:33.749] thr=3   paramiko.transport: [chan 0] EOF sent (0)
DEB [20200720-23:04:33.750] thr=3   paramiko.transport: Dropping user packet because connection is dead.
DEB [20200720-23:04:50.268] thr=1   paramiko.transport: starting thread (client mode): 0x83b24850L
DEB [20200720-23:04:50.269] thr=1   paramiko.transport: Local version/idstring: SSH-2.0-paramiko_2.7.1
DEB [20200720-23:04:50.281] thr=1   paramiko.transport: Remote version/idstring: SSH-2.0-OpenSSH_7.6p1 Ubuntu-4ubuntu0.3
INF [20200720-23:04:50.281] thr=1   paramiko.transport: Connected (version 2.0, client OpenSSH_7.6p1)
DEB [20200720-23:04:50.285] thr=1   paramiko.transport: kex algos:[u'curve25519-sha256', u'curve25519-sha256@libssh.org', u'ecdh-sha2-nistp256', u'ecdh-sha2-nistp384', u'ecdh-sha2-nistp521', u'diffie-hellman-group-exchange-sha256', u'diffie-hellman-group16-sha512', u'diffie-hellman-group18-sha512', u'diffie-hellman-group14-sha256', u'diffie-hellman-group14-sha1'] server key:[u'ssh-rsa', u'rsa-sha2-512', u'rsa-sha2-256', u'ecdsa-sha2-nistp256', u'ssh-ed25519'] client encrypt:[u'chacha20-poly1305@openssh.com', u'aes128-ctr', u'aes192-ctr', u'aes256-ctr', u'aes128-gcm@openssh.com', u'aes256-gcm@openssh.com'] server encrypt:[u'chacha20-poly1305@openssh.com', u'aes128-ctr', u'aes192-ctr', u'aes256-ctr', u'aes128-gcm@openssh.com', u'aes256-gcm@openssh.com'] client mac:[u'umac-64-etm@openssh.com', u'umac-128-etm@openssh.com', u'hmac-sha2-256-etm@openssh.com', u'hmac-sha2-512-etm@openssh.com', u'hmac-sha1-etm@openssh.com', u'umac-64@openssh.com', u'umac-128@openssh.com', u'hmac-sha2-256', u'hmac-sha2-512', u'hmac-sha1'] server mac:[u'umac-64-etm@openssh.com', u'umac-128-etm@openssh.com', u'hmac-sha2-256-etm@openssh.com', u'hmac-sha2-512-etm@openssh.com', u'hmac-sha1-etm@openssh.com', u'umac-64@openssh.com', u'umac-128@openssh.com', u'hmac-sha2-256', u'hmac-sha2-512', u'hmac-sha1'] client compress:[u'none', u'zlib@openssh.com'] server compress:[u'none', u'zlib@openssh.com'] client lang:[u''] server lang:[u''] kex follows?False
DEB [20200720-23:04:50.286] thr=1   paramiko.transport: Kex agreed: curve25519-sha256@libssh.org
DEB [20200720-23:04:50.286] thr=1   paramiko.transport: HostKey agreed: ssh-ed25519
DEB [20200720-23:04:50.286] thr=1   paramiko.transport: Cipher agreed: aes128-ctr
DEB [20200720-23:04:50.287] thr=1   paramiko.transport: MAC agreed: hmac-sha2-256
DEB [20200720-23:04:50.287] thr=1   paramiko.transport: Compression agreed: none
DEB [20200720-23:04:50.299] thr=1   paramiko.transport: kex engine KexCurve25519 specified hash_algo <built-in function openssl_sha256>
DEB [20200720-23:04:50.301] thr=1   paramiko.transport: Switch to new keys ...
DEB [20200720-23:04:50.333] thr=2   paramiko.transport: Adding ssh-ed25519 host key for 192.168.197.129: a89d8e47956a182ac25df5b046891a6e
DEB [20200720-23:04:50.335] thr=2   paramiko.transport: Trying SSH agent key 444cbfdb1f92a79f9a272997711cf4c4
DEB [20200720-23:04:50.342] thr=1   paramiko.transport: userauth is OK
INF [20200720-23:04:50.350] thr=1   paramiko.transport: Authentication (publickey) failed.
DEB [20200720-23:04:50.352] thr=2   paramiko.transport: Trying discovered key 444cbfdb1f92a79f9a272997711cf4c4 in /home/ding/.ssh/id_rsa
DEB [20200720-23:04:50.354] thr=1   paramiko.transport: userauth is OK
INF [20200720-23:04:50.358] thr=1   paramiko.transport: Authentication (publickey) failed.
DEB [20200720-23:04:50.361] thr=1   paramiko.transport: userauth is OK
INF [20200720-23:04:50.363] thr=1   paramiko.transport: Authentication (password) successful!
DEB [20200720-23:04:50.368] thr=2   paramiko.transport: [chan 0] Max packet in: 32768 bytes
DEB [20200720-23:04:50.839] thr=1   paramiko.transport: Received global request "hostkeys-00@openssh.com"
DEB [20200720-23:04:50.839] thr=1   paramiko.transport: Rejecting "hostkeys-00@openssh.com" global request from server.
DEB [20200720-23:04:50.887] thr=1   paramiko.transport: [chan 0] Max packet out: 32768 bytes
DEB [20200720-23:04:50.887] thr=1   paramiko.transport: Secsh channel 0 opened.
DEB [20200720-23:04:50.904] thr=1   paramiko.transport: [chan 0] Sesch channel 0 request ok
DEB [20200720-23:04:50.910] thr=1   paramiko.transport: [chan 0] EOF received (0)
DEB [20200720-23:04:50.930] thr=3   paramiko.transport: [chan 0] EOF sent (0)
DEB [20200720-23:04:50.931] thr=3   paramiko.transport: Dropping user packet because connection is dead.
DEB [20200721-00:18:45.384] thr=1   paramiko.transport: starting thread (client mode): 0xe41af850L
DEB [20200721-00:18:45.385] thr=1   paramiko.transport: Local version/idstring: SSH-2.0-paramiko_2.7.1
DEB [20200721-00:18:45.394] thr=1   paramiko.transport: Remote version/idstring: SSH-2.0-OpenSSH_7.6p1 Ubuntu-4ubuntu0.3
INF [20200721-00:18:45.394] thr=1   paramiko.transport: Connected (version 2.0, client OpenSSH_7.6p1)
DEB [20200721-00:18:45.396] thr=1   paramiko.transport: kex algos:[u'curve25519-sha256', u'curve25519-sha256@libssh.org', u'ecdh-sha2-nistp256', u'ecdh-sha2-nistp384', u'ecdh-sha2-nistp521', u'diffie-hellman-group-exchange-sha256', u'diffie-hellman-group16-sha512', u'diffie-hellman-group18-sha512', u'diffie-hellman-group14-sha256', u'diffie-hellman-group14-sha1'] server key:[u'ssh-rsa', u'rsa-sha2-512', u'rsa-sha2-256', u'ecdsa-sha2-nistp256', u'ssh-ed25519'] client encrypt:[u'chacha20-poly1305@openssh.com', u'aes128-ctr', u'aes192-ctr', u'aes256-ctr', u'aes128-gcm@openssh.com', u'aes256-gcm@openssh.com'] server encrypt:[u'chacha20-poly1305@openssh.com', u'aes128-ctr', u'aes192-ctr', u'aes256-ctr', u'aes128-gcm@openssh.com', u'aes256-gcm@openssh.com'] client mac:[u'umac-64-etm@openssh.com', u'umac-128-etm@openssh.com', u'hmac-sha2-256-etm@openssh.com', u'hmac-sha2-512-etm@openssh.com', u'hmac-sha1-etm@openssh.com', u'umac-64@openssh.com', u'umac-128@openssh.com', u'hmac-sha2-256', u'hmac-sha2-512', u'hmac-sha1'] server mac:[u'umac-64-etm@openssh.com', u'umac-128-etm@openssh.com', u'hmac-sha2-256-etm@openssh.com', u'hmac-sha2-512-etm@openssh.com', u'hmac-sha1-etm@openssh.com', u'umac-64@openssh.com', u'umac-128@openssh.com', u'hmac-sha2-256', u'hmac-sha2-512', u'hmac-sha1'] client compress:[u'none', u'zlib@openssh.com'] server compress:[u'none', u'zlib@openssh.com'] client lang:[u''] server lang:[u''] kex follows?False
DEB [20200721-00:18:45.397] thr=1   paramiko.transport: Kex agreed: curve25519-sha256@libssh.org
DEB [20200721-00:18:45.397] thr=1   paramiko.transport: HostKey agreed: ssh-ed25519
DEB [20200721-00:18:45.397] thr=1   paramiko.transport: Cipher agreed: aes128-ctr
DEB [20200721-00:18:45.397] thr=1   paramiko.transport: MAC agreed: hmac-sha2-256
DEB [20200721-00:18:45.398] thr=1   paramiko.transport: Compression agreed: none
DEB [20200721-00:18:45.414] thr=1   paramiko.transport: kex engine KexCurve25519 specified hash_algo <built-in function openssl_sha256>
DEB [20200721-00:18:45.416] thr=1   paramiko.transport: Switch to new keys ...
DEB [20200721-00:18:45.449] thr=2   paramiko.transport: Adding ssh-ed25519 host key for 192.168.197.130 : 5af421e048af8ef8c9b3600f5fae7820
DEB [20200721-00:18:45.463] thr=2   paramiko.transport: Trying SSH agent key 444cbfdb1f92a79f9a272997711cf4c4
DEB [20200721-00:18:45.465] thr=1   paramiko.transport: userauth is OK
INF [20200721-00:18:45.495] thr=1   paramiko.transport: Authentication (publickey) failed.
DEB [20200721-00:18:45.497] thr=2   paramiko.transport: Trying discovered key 444cbfdb1f92a79f9a272997711cf4c4 in /home/ding/.ssh/id_rsa
DEB [20200721-00:18:45.499] thr=1   paramiko.transport: userauth is OK
INF [20200721-00:18:45.508] thr=1   paramiko.transport: Authentication (publickey) failed.
DEB [20200721-00:18:45.516] thr=1   paramiko.transport: userauth is OK
INF [20200721-00:18:45.521] thr=1   paramiko.transport: Authentication (password) successful!
DEB [20200721-00:18:45.523] thr=2   paramiko.transport: [chan 0] Max packet in: 32768 bytes
DEB [20200721-00:18:46.613] thr=1   paramiko.transport: Received global request "hostkeys-00@openssh.com"
DEB [20200721-00:18:46.613] thr=1   paramiko.transport: Rejecting "hostkeys-00@openssh.com" global request from server.
DEB [20200721-00:18:46.656] thr=1   paramiko.transport: [chan 0] Max packet out: 32768 bytes
DEB [20200721-00:18:46.656] thr=1   paramiko.transport: Secsh channel 0 opened.
DEB [20200721-00:18:46.660] thr=1   paramiko.transport: [chan 0] Sesch channel 0 request ok
DEB [20200721-00:18:46.669] thr=1   paramiko.transport: [chan 0] EOF received (0)
DEB [20200721-00:18:46.670] thr=1   paramiko.transport: [chan 0] EOF sent (0)
DEB [20200721-00:18:46.671] thr=1   paramiko.transport: EOF in transport thread
DEB [20200721-00:18:58.839] thr=1   paramiko.transport: starting thread (client mode): 0xca5d9850L
DEB [20200721-00:18:58.840] thr=1   paramiko.transport: Local version/idstring: SSH-2.0-paramiko_2.7.1
DEB [20200721-00:18:58.854] thr=1   paramiko.transport: Remote version/idstring: SSH-2.0-OpenSSH_7.6p1 Ubuntu-4ubuntu0.3
INF [20200721-00:18:58.854] thr=1   paramiko.transport: Connected (version 2.0, client OpenSSH_7.6p1)
DEB [20200721-00:18:58.857] thr=1   paramiko.transport: kex algos:[u'curve25519-sha256', u'curve25519-sha256@libssh.org', u'ecdh-sha2-nistp256', u'ecdh-sha2-nistp384', u'ecdh-sha2-nistp521', u'diffie-hellman-group-exchange-sha256', u'diffie-hellman-group16-sha512', u'diffie-hellman-group18-sha512', u'diffie-hellman-group14-sha256', u'diffie-hellman-group14-sha1'] server key:[u'ssh-rsa', u'rsa-sha2-512', u'rsa-sha2-256', u'ecdsa-sha2-nistp256', u'ssh-ed25519'] client encrypt:[u'chacha20-poly1305@openssh.com', u'aes128-ctr', u'aes192-ctr', u'aes256-ctr', u'aes128-gcm@openssh.com', u'aes256-gcm@openssh.com'] server encrypt:[u'chacha20-poly1305@openssh.com', u'aes128-ctr', u'aes192-ctr', u'aes256-ctr', u'aes128-gcm@openssh.com', u'aes256-gcm@openssh.com'] client mac:[u'umac-64-etm@openssh.com', u'umac-128-etm@openssh.com', u'hmac-sha2-256-etm@openssh.com', u'hmac-sha2-512-etm@openssh.com', u'hmac-sha1-etm@openssh.com', u'umac-64@openssh.com', u'umac-128@openssh.com', u'hmac-sha2-256', u'hmac-sha2-512', u'hmac-sha1'] server mac:[u'umac-64-etm@openssh.com', u'umac-128-etm@openssh.com', u'hmac-sha2-256-etm@openssh.com', u'hmac-sha2-512-etm@openssh.com', u'hmac-sha1-etm@openssh.com', u'umac-64@openssh.com', u'umac-128@openssh.com', u'hmac-sha2-256', u'hmac-sha2-512', u'hmac-sha1'] client compress:[u'none', u'zlib@openssh.com'] server compress:[u'none', u'zlib@openssh.com'] client lang:[u''] server lang:[u''] kex follows?False
DEB [20200721-00:18:58.857] thr=1   paramiko.transport: Kex agreed: curve25519-sha256@libssh.org
DEB [20200721-00:18:58.858] thr=1   paramiko.transport: HostKey agreed: ssh-ed25519
DEB [20200721-00:18:58.858] thr=1   paramiko.transport: Cipher agreed: aes128-ctr
DEB [20200721-00:18:58.858] thr=1   paramiko.transport: MAC agreed: hmac-sha2-256
DEB [20200721-00:18:58.858] thr=1   paramiko.transport: Compression agreed: none
DEB [20200721-00:18:58.873] thr=1   paramiko.transport: kex engine KexCurve25519 specified hash_algo <built-in function openssl_sha256>
DEB [20200721-00:18:58.874] thr=1   paramiko.transport: Switch to new keys ...
DEB [20200721-00:18:58.904] thr=2   paramiko.transport: Adding ssh-ed25519 host key for 192.168.197.130 : 5af421e048af8ef8c9b3600f5fae7820
DEB [20200721-00:18:58.905] thr=2   paramiko.transport: Trying SSH agent key 444cbfdb1f92a79f9a272997711cf4c4
DEB [20200721-00:18:58.907] thr=1   paramiko.transport: userauth is OK
INF [20200721-00:18:58.918] thr=1   paramiko.transport: Authentication (publickey) failed.
DEB [20200721-00:18:58.923] thr=2   paramiko.transport: Trying discovered key 444cbfdb1f92a79f9a272997711cf4c4 in /home/ding/.ssh/id_rsa
DEB [20200721-00:18:58.925] thr=1   paramiko.transport: userauth is OK
INF [20200721-00:18:58.932] thr=1   paramiko.transport: Authentication (publickey) failed.
DEB [20200721-00:18:58.942] thr=1   paramiko.transport: userauth is OK
INF [20200721-00:18:58.947] thr=1   paramiko.transport: Authentication (password) successful!
DEB [20200721-00:18:58.948] thr=2   paramiko.transport: [chan 0] Max packet in: 32768 bytes
DEB [20200721-00:18:59.386] thr=1   paramiko.transport: Received global request "hostkeys-00@openssh.com"
DEB [20200721-00:18:59.387] thr=1   paramiko.transport: Rejecting "hostkeys-00@openssh.com" global request from server.
DEB [20200721-00:18:59.428] thr=1   paramiko.transport: [chan 0] Max packet out: 32768 bytes
DEB [20200721-00:18:59.428] thr=1   paramiko.transport: Secsh channel 0 opened.
DEB [20200721-00:18:59.453] thr=1   paramiko.transport: [chan 0] Sesch channel 0 request ok
DEB [20200721-00:18:59.459] thr=1   paramiko.transport: [chan 0] EOF received (0)
DEB [20200721-00:18:59.479] thr=3   paramiko.transport: [chan 0] EOF sent (0)
DEB [20200721-00:18:59.479] thr=3   paramiko.transport: Dropping user packet because connection is dead.
DEB [20200721-09:28:54.214] thr=1   paramiko.transport: starting thread (client mode): 0x8273f850L
DEB [20200721-09:28:54.215] thr=1   paramiko.transport: Local version/idstring: SSH-2.0-paramiko_2.7.1
DEB [20200721-09:28:54.232] thr=1   paramiko.transport: Remote version/idstring: SSH-2.0-OpenSSH_7.6p1 Ubuntu-4ubuntu0.3
INF [20200721-09:28:54.232] thr=1   paramiko.transport: Connected (version 2.0, client OpenSSH_7.6p1)
DEB [20200721-09:28:54.233] thr=1   paramiko.transport: kex algos:[u'curve25519-sha256', u'curve25519-sha256@libssh.org', u'ecdh-sha2-nistp256', u'ecdh-sha2-nistp384', u'ecdh-sha2-nistp521', u'diffie-hellman-group-exchange-sha256', u'diffie-hellman-group16-sha512', u'diffie-hellman-group18-sha512', u'diffie-hellman-group14-sha256', u'diffie-hellman-group14-sha1'] server key:[u'ssh-rsa', u'rsa-sha2-512', u'rsa-sha2-256', u'ecdsa-sha2-nistp256', u'ssh-ed25519'] client encrypt:[u'chacha20-poly1305@openssh.com', u'aes128-ctr', u'aes192-ctr', u'aes256-ctr', u'aes128-gcm@openssh.com', u'aes256-gcm@openssh.com'] server encrypt:[u'chacha20-poly1305@openssh.com', u'aes128-ctr', u'aes192-ctr', u'aes256-ctr', u'aes128-gcm@openssh.com', u'aes256-gcm@openssh.com'] client mac:[u'umac-64-etm@openssh.com', u'umac-128-etm@openssh.com', u'hmac-sha2-256-etm@openssh.com', u'hmac-sha2-512-etm@openssh.com', u'hmac-sha1-etm@openssh.com', u'umac-64@openssh.com', u'umac-128@openssh.com', u'hmac-sha2-256', u'hmac-sha2-512', u'hmac-sha1'] server mac:[u'umac-64-etm@openssh.com', u'umac-128-etm@openssh.com', u'hmac-sha2-256-etm@openssh.com', u'hmac-sha2-512-etm@openssh.com', u'hmac-sha1-etm@openssh.com', u'umac-64@openssh.com', u'umac-128@openssh.com', u'hmac-sha2-256', u'hmac-sha2-512', u'hmac-sha1'] client compress:[u'none', u'zlib@openssh.com'] server compress:[u'none', u'zlib@openssh.com'] client lang:[u''] server lang:[u''] kex follows?False
DEB [20200721-09:28:54.234] thr=1   paramiko.transport: Kex agreed: curve25519-sha256@libssh.org
DEB [20200721-09:28:54.234] thr=1   paramiko.transport: HostKey agreed: ssh-ed25519
DEB [20200721-09:28:54.234] thr=1   paramiko.transport: Cipher agreed: aes128-ctr
DEB [20200721-09:28:54.234] thr=1   paramiko.transport: MAC agreed: hmac-sha2-256
DEB [20200721-09:28:54.235] thr=1   paramiko.transport: Compression agreed: none
DEB [20200721-09:28:54.244] thr=1   paramiko.transport: kex engine KexCurve25519 specified hash_algo <built-in function openssl_sha256>
DEB [20200721-09:28:54.244] thr=1   paramiko.transport: Switch to new keys ...
DEB [20200721-09:28:54.246] thr=2   paramiko.transport: Adding ssh-ed25519 host key for 192.168.197.131 : 5af421e048af8ef8c9b3600f5fae7820
DEB [20200721-09:28:54.251] thr=2   paramiko.transport: Trying SSH agent key 444cbfdb1f92a79f9a272997711cf4c4
DEB [20200721-09:28:54.252] thr=1   paramiko.transport: userauth is OK
INF [20200721-09:28:54.266] thr=1   paramiko.transport: Authentication (publickey) failed.
DEB [20200721-09:28:54.268] thr=2   paramiko.transport: Trying discovered key 444cbfdb1f92a79f9a272997711cf4c4 in /home/ding/.ssh/id_rsa
DEB [20200721-09:28:54.269] thr=1   paramiko.transport: userauth is OK
INF [20200721-09:28:54.274] thr=1   paramiko.transport: Authentication (publickey) failed.
DEB [20200721-09:28:54.276] thr=1   paramiko.transport: userauth is OK
INF [20200721-09:28:54.278] thr=1   paramiko.transport: Authentication (password) successful!
DEB [20200721-09:28:54.280] thr=2   paramiko.transport: [chan 0] Max packet in: 32768 bytes
DEB [20200721-09:28:54.681] thr=1   paramiko.transport: Received global request "hostkeys-00@openssh.com"
DEB [20200721-09:28:54.681] thr=1   paramiko.transport: Rejecting "hostkeys-00@openssh.com" global request from server.
DEB [20200721-09:28:54.723] thr=1   paramiko.transport: [chan 0] Max packet out: 32768 bytes
DEB [20200721-09:28:54.724] thr=1   paramiko.transport: Secsh channel 0 opened.
DEB [20200721-09:28:54.746] thr=1   paramiko.transport: [chan 0] Sesch channel 0 request ok
DEB [20200721-09:28:54.757] thr=1   paramiko.transport: [chan 0] EOF received (0)
DEB [20200721-09:28:54.769] thr=3   paramiko.transport: [chan 0] EOF sent (0)
DEB [20200721-09:28:54.769] thr=3   paramiko.transport: Dropping user packet because connection is dead.
DEB [20200722-14:18:51.114] thr=1   paramiko.transport: starting thread (client mode): 0xc60daf50L
DEB [20200722-14:18:51.115] thr=1   paramiko.transport: Local version/idstring: SSH-2.0-paramiko_2.7.1
DEB [20200722-14:18:51.123] thr=1   paramiko.transport: Remote version/idstring: SSH-2.0-OpenSSH_7.6p1 Ubuntu-4ubuntu0.3
INF [20200722-14:18:51.123] thr=1   paramiko.transport: Connected (version 2.0, client OpenSSH_7.6p1)
DEB [20200722-14:18:51.125] thr=1   paramiko.transport: kex algos:[u'curve25519-sha256', u'curve25519-sha256@libssh.org', u'ecdh-sha2-nistp256', u'ecdh-sha2-nistp384', u'ecdh-sha2-nistp521', u'diffie-hellman-group-exchange-sha256', u'diffie-hellman-group16-sha512', u'diffie-hellman-group18-sha512', u'diffie-hellman-group14-sha256', u'diffie-hellman-group14-sha1'] server key:[u'ssh-rsa', u'rsa-sha2-512', u'rsa-sha2-256', u'ecdsa-sha2-nistp256', u'ssh-ed25519'] client encrypt:[u'chacha20-poly1305@openssh.com', u'aes128-ctr', u'aes192-ctr', u'aes256-ctr', u'aes128-gcm@openssh.com', u'aes256-gcm@openssh.com'] server encrypt:[u'chacha20-poly1305@openssh.com', u'aes128-ctr', u'aes192-ctr', u'aes256-ctr', u'aes128-gcm@openssh.com', u'aes256-gcm@openssh.com'] client mac:[u'umac-64-etm@openssh.com', u'umac-128-etm@openssh.com', u'hmac-sha2-256-etm@openssh.com', u'hmac-sha2-512-etm@openssh.com', u'hmac-sha1-etm@openssh.com', u'umac-64@openssh.com', u'umac-128@openssh.com', u'hmac-sha2-256', u'hmac-sha2-512', u'hmac-sha1'] server mac:[u'umac-64-etm@openssh.com', u'umac-128-etm@openssh.com', u'hmac-sha2-256-etm@openssh.com', u'hmac-sha2-512-etm@openssh.com', u'hmac-sha1-etm@openssh.com', u'umac-64@openssh.com', u'umac-128@openssh.com', u'hmac-sha2-256', u'hmac-sha2-512', u'hmac-sha1'] client compress:[u'none', u'zlib@openssh.com'] server compress:[u'none', u'zlib@openssh.com'] client lang:[u''] server lang:[u''] kex follows?False
DEB [20200722-14:18:51.125] thr=1   paramiko.transport: Kex agreed: curve25519-sha256@libssh.org
DEB [20200722-14:18:51.125] thr=1   paramiko.transport: HostKey agreed: ssh-ed25519
DEB [20200722-14:18:51.126] thr=1   paramiko.transport: Cipher agreed: aes128-ctr
DEB [20200722-14:18:51.126] thr=1   paramiko.transport: MAC agreed: hmac-sha2-256
DEB [20200722-14:18:51.126] thr=1   paramiko.transport: Compression agreed: none
DEB [20200722-14:18:51.140] thr=1   paramiko.transport: kex engine KexCurve25519 specified hash_algo <built-in function openssl_sha256>
DEB [20200722-14:18:51.140] thr=1   paramiko.transport: Switch to new keys ...
DEB [20200722-14:18:51.146] thr=2   paramiko.transport: Adding ssh-ed25519 host key for 192.168.197.131: 5af421e048af8ef8c9b3600f5fae7820
DEB [20200722-14:18:51.147] thr=2   paramiko.transport: Trying discovered key 444cbfdb1f92a79f9a272997711cf4c4 in /home/ding/.ssh/id_rsa
DEB [20200722-14:18:51.149] thr=1   paramiko.transport: userauth is OK
INF [20200722-14:18:51.159] thr=1   paramiko.transport: Authentication (publickey) successful!
DEB [20200722-14:18:51.164] thr=2   paramiko.transport: [chan 0] Max packet in: 32768 bytes
DEB [20200722-14:18:51.674] thr=1   paramiko.transport: Received global request "hostkeys-00@openssh.com"
DEB [20200722-14:18:51.675] thr=1   paramiko.transport: Rejecting "hostkeys-00@openssh.com" global request from server.
DEB [20200722-14:18:51.718] thr=1   paramiko.transport: [chan 0] Max packet out: 32768 bytes
DEB [20200722-14:18:51.719] thr=1   paramiko.transport: Secsh channel 0 opened.
DEB [20200722-14:18:51.731] thr=1   paramiko.transport: [chan 0] Sesch channel 0 request ok
DEB [20200722-14:18:51.738] thr=1   paramiko.transport: [chan 0] EOF received (0)
DEB [20200722-14:18:51.739] thr=1   paramiko.transport: EOF in transport thread
DEB [20200722-14:18:51.747] thr=3   paramiko.transport: [chan 0] EOF sent (0)
DEB [20200722-14:18:51.747] thr=3   paramiko.transport: Dropping user packet because connection is dead.
DEB [20200722-14:19:17.851] thr=1   paramiko.transport: starting thread (client mode): 0x2497ef50L
DEB [20200722-14:19:17.852] thr=1   paramiko.transport: Local version/idstring: SSH-2.0-paramiko_2.7.1
DEB [20200722-14:19:17.860] thr=1   paramiko.transport: Remote version/idstring: SSH-2.0-OpenSSH_7.6p1 Ubuntu-4ubuntu0.3
INF [20200722-14:19:17.861] thr=1   paramiko.transport: Connected (version 2.0, client OpenSSH_7.6p1)
DEB [20200722-14:19:17.862] thr=1   paramiko.transport: kex algos:[u'curve25519-sha256', u'curve25519-sha256@libssh.org', u'ecdh-sha2-nistp256', u'ecdh-sha2-nistp384', u'ecdh-sha2-nistp521', u'diffie-hellman-group-exchange-sha256', u'diffie-hellman-group16-sha512', u'diffie-hellman-group18-sha512', u'diffie-hellman-group14-sha256', u'diffie-hellman-group14-sha1'] server key:[u'ssh-rsa', u'rsa-sha2-512', u'rsa-sha2-256', u'ecdsa-sha2-nistp256', u'ssh-ed25519'] client encrypt:[u'chacha20-poly1305@openssh.com', u'aes128-ctr', u'aes192-ctr', u'aes256-ctr', u'aes128-gcm@openssh.com', u'aes256-gcm@openssh.com'] server encrypt:[u'chacha20-poly1305@openssh.com', u'aes128-ctr', u'aes192-ctr', u'aes256-ctr', u'aes128-gcm@openssh.com', u'aes256-gcm@openssh.com'] client mac:[u'umac-64-etm@openssh.com', u'umac-128-etm@openssh.com', u'hmac-sha2-256-etm@openssh.com', u'hmac-sha2-512-etm@openssh.com', u'hmac-sha1-etm@openssh.com', u'umac-64@openssh.com', u'umac-128@openssh.com', u'hmac-sha2-256', u'hmac-sha2-512', u'hmac-sha1'] server mac:[u'umac-64-etm@openssh.com', u'umac-128-etm@openssh.com', u'hmac-sha2-256-etm@openssh.com', u'hmac-sha2-512-etm@openssh.com', u'hmac-sha1-etm@openssh.com', u'umac-64@openssh.com', u'umac-128@openssh.com', u'hmac-sha2-256', u'hmac-sha2-512', u'hmac-sha1'] client compress:[u'none', u'zlib@openssh.com'] server compress:[u'none', u'zlib@openssh.com'] client lang:[u''] server lang:[u''] kex follows?False
DEB [20200722-14:19:17.863] thr=1   paramiko.transport: Kex agreed: curve25519-sha256@libssh.org
DEB [20200722-14:19:17.863] thr=1   paramiko.transport: HostKey agreed: ssh-ed25519
DEB [20200722-14:19:17.863] thr=1   paramiko.transport: Cipher agreed: aes128-ctr
DEB [20200722-14:19:17.863] thr=1   paramiko.transport: MAC agreed: hmac-sha2-256
DEB [20200722-14:19:17.863] thr=1   paramiko.transport: Compression agreed: none
DEB [20200722-14:19:17.877] thr=1   paramiko.transport: kex engine KexCurve25519 specified hash_algo <built-in function openssl_sha256>
DEB [20200722-14:19:17.877] thr=1   paramiko.transport: Switch to new keys ...
DEB [20200722-14:19:17.883] thr=2   paramiko.transport: Adding ssh-ed25519 host key for 192.168.197.131: 5af421e048af8ef8c9b3600f5fae7820
DEB [20200722-14:19:17.889] thr=2   paramiko.transport: Trying discovered key 444cbfdb1f92a79f9a272997711cf4c4 in /home/ding/.ssh/id_rsa
DEB [20200722-14:19:17.920] thr=1   paramiko.transport: userauth is OK
INF [20200722-14:19:17.930] thr=1   paramiko.transport: Authentication (publickey) successful!
DEB [20200722-14:19:17.953] thr=2   paramiko.transport: [chan 0] Max packet in: 32768 bytes
DEB [20200722-14:19:18.186] thr=1   paramiko.transport: Received global request "hostkeys-00@openssh.com"
DEB [20200722-14:19:18.187] thr=1   paramiko.transport: Rejecting "hostkeys-00@openssh.com" global request from server.
DEB [20200722-14:19:18.230] thr=1   paramiko.transport: [chan 0] Max packet out: 32768 bytes
DEB [20200722-14:19:18.230] thr=1   paramiko.transport: Secsh channel 0 opened.
DEB [20200722-14:19:18.256] thr=1   paramiko.transport: [chan 0] Sesch channel 0 request ok
DEB [20200722-14:19:18.262] thr=1   paramiko.transport: [chan 0] EOF received (0)
DEB [20200722-14:19:18.273] thr=3   paramiko.transport: [chan 0] EOF sent (0)
DEB [20200722-14:19:18.273] thr=3   paramiko.transport: Dropping user packet because connection is dead.
DEB [20200722-14:24:09.098] thr=1   paramiko.transport: starting thread (client mode): 0x92e8df50L
DEB [20200722-14:24:09.099] thr=1   paramiko.transport: Local version/idstring: SSH-2.0-paramiko_2.7.1
DEB [20200722-14:24:09.104] thr=1   paramiko.transport: Remote version/idstring: SSH-2.0-OpenSSH_7.6p1 Ubuntu-4ubuntu0.3
INF [20200722-14:24:09.104] thr=1   paramiko.transport: Connected (version 2.0, client OpenSSH_7.6p1)
DEB [20200722-14:24:09.105] thr=1   paramiko.transport: kex algos:[u'curve25519-sha256', u'curve25519-sha256@libssh.org', u'ecdh-sha2-nistp256', u'ecdh-sha2-nistp384', u'ecdh-sha2-nistp521', u'diffie-hellman-group-exchange-sha256', u'diffie-hellman-group16-sha512', u'diffie-hellman-group18-sha512', u'diffie-hellman-group14-sha256', u'diffie-hellman-group14-sha1'] server key:[u'ssh-rsa', u'rsa-sha2-512', u'rsa-sha2-256', u'ecdsa-sha2-nistp256', u'ssh-ed25519'] client encrypt:[u'chacha20-poly1305@openssh.com', u'aes128-ctr', u'aes192-ctr', u'aes256-ctr', u'aes128-gcm@openssh.com', u'aes256-gcm@openssh.com'] server encrypt:[u'chacha20-poly1305@openssh.com', u'aes128-ctr', u'aes192-ctr', u'aes256-ctr', u'aes128-gcm@openssh.com', u'aes256-gcm@openssh.com'] client mac:[u'umac-64-etm@openssh.com', u'umac-128-etm@openssh.com', u'hmac-sha2-256-etm@openssh.com', u'hmac-sha2-512-etm@openssh.com', u'hmac-sha1-etm@openssh.com', u'umac-64@openssh.com', u'umac-128@openssh.com', u'hmac-sha2-256', u'hmac-sha2-512', u'hmac-sha1'] server mac:[u'umac-64-etm@openssh.com', u'umac-128-etm@openssh.com', u'hmac-sha2-256-etm@openssh.com', u'hmac-sha2-512-etm@openssh.com', u'hmac-sha1-etm@openssh.com', u'umac-64@openssh.com', u'umac-128@openssh.com', u'hmac-sha2-256', u'hmac-sha2-512', u'hmac-sha1'] client compress:[u'none', u'zlib@openssh.com'] server compress:[u'none', u'zlib@openssh.com'] client lang:[u''] server lang:[u''] kex follows?False
DEB [20200722-14:24:09.105] thr=1   paramiko.transport: Kex agreed: curve25519-sha256@libssh.org
DEB [20200722-14:24:09.106] thr=1   paramiko.transport: HostKey agreed: ssh-ed25519
DEB [20200722-14:24:09.106] thr=1   paramiko.transport: Cipher agreed: aes128-ctr
DEB [20200722-14:24:09.106] thr=1   paramiko.transport: MAC agreed: hmac-sha2-256
DEB [20200722-14:24:09.106] thr=1   paramiko.transport: Compression agreed: none
DEB [20200722-14:24:09.120] thr=1   paramiko.transport: kex engine KexCurve25519 specified hash_algo <built-in function openssl_sha256>
DEB [20200722-14:24:09.121] thr=1   paramiko.transport: Switch to new keys ...
DEB [20200722-14:24:09.130] thr=2   paramiko.transport: Adding ssh-ed25519 host key for 192.168.197.131: 5af421e048af8ef8c9b3600f5fae7820
DEB [20200722-14:24:09.131] thr=2   paramiko.transport: Trying discovered key 444cbfdb1f92a79f9a272997711cf4c4 in /home/ding/.ssh/id_rsa
DEB [20200722-14:24:09.132] thr=1   paramiko.transport: userauth is OK
INF [20200722-14:24:09.143] thr=1   paramiko.transport: Authentication (publickey) successful!
DEB [20200722-14:24:09.147] thr=2   paramiko.transport: [chan 0] Max packet in: 32768 bytes
DEB [20200722-14:24:09.407] thr=1   paramiko.transport: Received global request "hostkeys-00@openssh.com"
DEB [20200722-14:24:09.408] thr=1   paramiko.transport: Rejecting "hostkeys-00@openssh.com" global request from server.
DEB [20200722-14:24:09.450] thr=1   paramiko.transport: [chan 0] Max packet out: 32768 bytes
DEB [20200722-14:24:09.450] thr=1   paramiko.transport: Secsh channel 0 opened.
DEB [20200722-14:24:09.453] thr=1   paramiko.transport: [chan 0] Sesch channel 0 request ok
DEB [20200722-14:24:09.460] thr=1   paramiko.transport: [chan 0] EOF received (0)
DEB [20200722-14:24:09.460] thr=1   paramiko.transport: [chan 0] EOF sent (0)
DEB [20200722-14:24:09.460] thr=1   paramiko.transport: Dropping user packet because connection is dead.
DEB [20200722-14:24:09.461] thr=1   paramiko.transport: Dropping user packet because connection is dead.
DEB [20200722-14:24:26.248] thr=1   paramiko.transport: starting thread (client mode): 0x29f8fed0L
DEB [20200722-14:24:26.248] thr=1   paramiko.transport: Local version/idstring: SSH-2.0-paramiko_2.7.1
DEB [20200722-14:24:26.297] thr=1   paramiko.transport: Remote version/idstring: SSH-2.0-OpenSSH_for_Windows_7.7
INF [20200722-14:24:26.298] thr=1   paramiko.transport: Connected (version 2.0, client OpenSSH_for_Windows_7.7)
DEB [20200722-14:24:26.324] thr=1   paramiko.transport: kex algos:[u'curve25519-sha256', u'curve25519-sha256@libssh.org', u'ecdh-sha2-nistp256', u'ecdh-sha2-nistp384', u'ecdh-sha2-nistp521', u'diffie-hellman-group-exchange-sha256', u'diffie-hellman-group16-sha512', u'diffie-hellman-group18-sha512', u'diffie-hellman-group14-sha256', u'diffie-hellman-group14-sha1'] server key:[u'ssh-rsa', u'rsa-sha2-512', u'rsa-sha2-256', u'ecdsa-sha2-nistp256', u'ssh-ed25519'] client encrypt:[u'chacha20-poly1305@openssh.com', u'aes128-ctr', u'aes192-ctr', u'aes256-ctr', u'aes128-gcm@openssh.com', u'aes256-gcm@openssh.com'] server encrypt:[u'chacha20-poly1305@openssh.com', u'aes128-ctr', u'aes192-ctr', u'aes256-ctr', u'aes128-gcm@openssh.com', u'aes256-gcm@openssh.com'] client mac:[u'umac-64-etm@openssh.com', u'umac-128-etm@openssh.com', u'hmac-sha2-256-etm@openssh.com', u'hmac-sha2-512-etm@openssh.com', u'hmac-sha1-etm@openssh.com', u'umac-64@openssh.com', u'umac-128@openssh.com', u'hmac-sha2-256', u'hmac-sha2-512', u'hmac-sha1'] server mac:[u'umac-64-etm@openssh.com', u'umac-128-etm@openssh.com', u'hmac-sha2-256-etm@openssh.com', u'hmac-sha2-512-etm@openssh.com', u'hmac-sha1-etm@openssh.com', u'umac-64@openssh.com', u'umac-128@openssh.com', u'hmac-sha2-256', u'hmac-sha2-512', u'hmac-sha1'] client compress:[u'none'] server compress:[u'none'] client lang:[u''] server lang:[u''] kex follows?False
DEB [20200722-14:24:26.325] thr=1   paramiko.transport: Kex agreed: curve25519-sha256@libssh.org
DEB [20200722-14:24:26.325] thr=1   paramiko.transport: HostKey agreed: ssh-ed25519
DEB [20200722-14:24:26.325] thr=1   paramiko.transport: Cipher agreed: aes128-ctr
DEB [20200722-14:24:26.325] thr=1   paramiko.transport: MAC agreed: hmac-sha2-256
DEB [20200722-14:24:26.325] thr=1   paramiko.transport: Compression agreed: none
DEB [20200722-14:24:26.335] thr=1   paramiko.transport: kex engine KexCurve25519 specified hash_algo <built-in function openssl_sha256>
DEB [20200722-14:24:26.336] thr=1   paramiko.transport: Switch to new keys ...
DEB [20200722-14:24:26.348] thr=2   paramiko.transport: Adding ssh-ed25519 host key for 10.1.1.125: 47683369e0f0a71d40731b286e04d81d
DEB [20200722-14:24:26.349] thr=2   paramiko.transport: Trying discovered key 444cbfdb1f92a79f9a272997711cf4c4 in /home/ding/.ssh/id_rsa
DEB [20200722-14:24:26.380] thr=1   paramiko.transport: userauth is OK
INF [20200722-14:24:26.388] thr=1   paramiko.transport: Authentication (publickey) failed.
DEB [20200722-14:24:26.416] thr=1   paramiko.transport: userauth is OK
INF [20200722-14:24:26.418] thr=1   paramiko.transport: Authentication (password) failed.
DEB [20200722-14:24:26.519] thr=1   paramiko.transport: EOF in transport thread
DEB [20200722-14:25:21.952] thr=1   paramiko.transport: starting thread (client mode): 0xd00ceed0L
DEB [20200722-14:25:21.952] thr=1   paramiko.transport: Local version/idstring: SSH-2.0-paramiko_2.7.1
DEB [20200722-14:25:21.990] thr=1   paramiko.transport: Remote version/idstring: SSH-2.0-OpenSSH_for_Windows_7.7
INF [20200722-14:25:21.990] thr=1   paramiko.transport: Connected (version 2.0, client OpenSSH_for_Windows_7.7)
DEB [20200722-14:25:22.017] thr=1   paramiko.transport: kex algos:[u'curve25519-sha256', u'curve25519-sha256@libssh.org', u'ecdh-sha2-nistp256', u'ecdh-sha2-nistp384', u'ecdh-sha2-nistp521', u'diffie-hellman-group-exchange-sha256', u'diffie-hellman-group16-sha512', u'diffie-hellman-group18-sha512', u'diffie-hellman-group14-sha256', u'diffie-hellman-group14-sha1'] server key:[u'ssh-rsa', u'rsa-sha2-512', u'rsa-sha2-256', u'ecdsa-sha2-nistp256', u'ssh-ed25519'] client encrypt:[u'chacha20-poly1305@openssh.com', u'aes128-ctr', u'aes192-ctr', u'aes256-ctr', u'aes128-gcm@openssh.com', u'aes256-gcm@openssh.com'] server encrypt:[u'chacha20-poly1305@openssh.com', u'aes128-ctr', u'aes192-ctr', u'aes256-ctr', u'aes128-gcm@openssh.com', u'aes256-gcm@openssh.com'] client mac:[u'umac-64-etm@openssh.com', u'umac-128-etm@openssh.com', u'hmac-sha2-256-etm@openssh.com', u'hmac-sha2-512-etm@openssh.com', u'hmac-sha1-etm@openssh.com', u'umac-64@openssh.com', u'umac-128@openssh.com', u'hmac-sha2-256', u'hmac-sha2-512', u'hmac-sha1'] server mac:[u'umac-64-etm@openssh.com', u'umac-128-etm@openssh.com', u'hmac-sha2-256-etm@openssh.com', u'hmac-sha2-512-etm@openssh.com', u'hmac-sha1-etm@openssh.com', u'umac-64@openssh.com', u'umac-128@openssh.com', u'hmac-sha2-256', u'hmac-sha2-512', u'hmac-sha1'] client compress:[u'none'] server compress:[u'none'] client lang:[u''] server lang:[u''] kex follows?False
DEB [20200722-14:25:22.017] thr=1   paramiko.transport: Kex agreed: curve25519-sha256@libssh.org
DEB [20200722-14:25:22.017] thr=1   paramiko.transport: HostKey agreed: ssh-ed25519
DEB [20200722-14:25:22.017] thr=1   paramiko.transport: Cipher agreed: aes128-ctr
DEB [20200722-14:25:22.018] thr=1   paramiko.transport: MAC agreed: hmac-sha2-256
DEB [20200722-14:25:22.018] thr=1   paramiko.transport: Compression agreed: none
DEB [20200722-14:25:22.024] thr=1   paramiko.transport: kex engine KexCurve25519 specified hash_algo <built-in function openssl_sha256>
DEB [20200722-14:25:22.025] thr=1   paramiko.transport: Switch to new keys ...
DEB [20200722-14:25:22.052] thr=2   paramiko.transport: Adding ssh-ed25519 host key for 10.1.1.125: 47683369e0f0a71d40731b286e04d81d
DEB [20200722-14:25:22.053] thr=2   paramiko.transport: Trying discovered key 444cbfdb1f92a79f9a272997711cf4c4 in /home/ding/.ssh/id_rsa
DEB [20200722-14:25:22.068] thr=1   paramiko.transport: userauth is OK
INF [20200722-14:25:22.075] thr=1   paramiko.transport: Authentication (publickey) failed.
DEB [20200722-14:25:22.087] thr=1   paramiko.transport: userauth is OK
INF [20200722-14:25:22.090] thr=1   paramiko.transport: Authentication (password) failed.
DEB [20200722-14:25:22.190] thr=1   paramiko.transport: EOF in transport thread
DEB [20200722-14:28:24.255] thr=1   paramiko.transport: starting thread (client mode): 0x7ed6bed0L
DEB [20200722-14:28:24.256] thr=1   paramiko.transport: Local version/idstring: SSH-2.0-paramiko_2.7.1
DEB [20200722-14:28:24.294] thr=1   paramiko.transport: Remote version/idstring: SSH-2.0-OpenSSH_for_Windows_7.7
INF [20200722-14:28:24.294] thr=1   paramiko.transport: Connected (version 2.0, client OpenSSH_for_Windows_7.7)
DEB [20200722-14:28:24.321] thr=1   paramiko.transport: kex algos:[u'curve25519-sha256', u'curve25519-sha256@libssh.org', u'ecdh-sha2-nistp256', u'ecdh-sha2-nistp384', u'ecdh-sha2-nistp521', u'diffie-hellman-group-exchange-sha256', u'diffie-hellman-group16-sha512', u'diffie-hellman-group18-sha512', u'diffie-hellman-group14-sha256', u'diffie-hellman-group14-sha1'] server key:[u'ssh-rsa', u'rsa-sha2-512', u'rsa-sha2-256', u'ecdsa-sha2-nistp256', u'ssh-ed25519'] client encrypt:[u'chacha20-poly1305@openssh.com', u'aes128-ctr', u'aes192-ctr', u'aes256-ctr', u'aes128-gcm@openssh.com', u'aes256-gcm@openssh.com'] server encrypt:[u'chacha20-poly1305@openssh.com', u'aes128-ctr', u'aes192-ctr', u'aes256-ctr', u'aes128-gcm@openssh.com', u'aes256-gcm@openssh.com'] client mac:[u'umac-64-etm@openssh.com', u'umac-128-etm@openssh.com', u'hmac-sha2-256-etm@openssh.com', u'hmac-sha2-512-etm@openssh.com', u'hmac-sha1-etm@openssh.com', u'umac-64@openssh.com', u'umac-128@openssh.com', u'hmac-sha2-256', u'hmac-sha2-512', u'hmac-sha1'] server mac:[u'umac-64-etm@openssh.com', u'umac-128-etm@openssh.com', u'hmac-sha2-256-etm@openssh.com', u'hmac-sha2-512-etm@openssh.com', u'hmac-sha1-etm@openssh.com', u'umac-64@openssh.com', u'umac-128@openssh.com', u'hmac-sha2-256', u'hmac-sha2-512', u'hmac-sha1'] client compress:[u'none'] server compress:[u'none'] client lang:[u''] server lang:[u''] kex follows?False
DEB [20200722-14:28:24.322] thr=1   paramiko.transport: Kex agreed: curve25519-sha256@libssh.org
DEB [20200722-14:28:24.322] thr=1   paramiko.transport: HostKey agreed: ssh-ed25519
DEB [20200722-14:28:24.322] thr=1   paramiko.transport: Cipher agreed: aes128-ctr
DEB [20200722-14:28:24.322] thr=1   paramiko.transport: MAC agreed: hmac-sha2-256
DEB [20200722-14:28:24.322] thr=1   paramiko.transport: Compression agreed: none
DEB [20200722-14:28:24.331] thr=1   paramiko.transport: kex engine KexCurve25519 specified hash_algo <built-in function openssl_sha256>
DEB [20200722-14:28:24.332] thr=1   paramiko.transport: Switch to new keys ...
DEB [20200722-14:28:24.356] thr=2   paramiko.transport: Adding ssh-ed25519 host key for 10.1.1.125: 47683369e0f0a71d40731b286e04d81d
DEB [20200722-14:28:24.357] thr=2   paramiko.transport: Trying discovered key 444cbfdb1f92a79f9a272997711cf4c4 in /home/ding/.ssh/id_rsa
DEB [20200722-14:28:24.374] thr=1   paramiko.transport: userauth is OK
INF [20200722-14:28:24.381] thr=1   paramiko.transport: Authentication (publickey) failed.
DEB [20200722-14:28:24.391] thr=1   paramiko.transport: userauth is OK
INF [20200722-14:28:24.394] thr=1   paramiko.transport: Authentication (password) failed.
DEB [20200722-14:28:24.494] thr=1   paramiko.transport: EOF in transport thread
